[2024-08-29T20:49:25.547Z] Attempt to access non-existent file
Details: {"userId":"59fe0b7c-d1e7-47bd-90f2-e3929a1efa36","fileId":"bilateralpesplanusptemplate"}

[2024-08-29T20:49:31.071Z] Attempt to access non-existent file
Details: {"userId":"59fe0b7c-d1e7-47bd-90f2-e3929a1efa36","fileId":"bilateralpesplanusptemplate"}

[2024-08-29T20:49:35.344Z] Attempt to access non-existent file
Details: {"userId":"59fe0b7c-d1e7-47bd-90f2-e3929a1efa36","fileId":"chronicfatiguesyndromepersonalstatement100percent"}

[2024-08-29T20:50:18.722Z] Attempt to access non-existent file
Details: {"userId":"59fe0b7c-d1e7-47bd-90f2-e3929a1efa36","fileId":"insomnisecondarytotinnitus"}

[2024-08-29T20:53:34.775Z] Attempt to access non-existent file
Details: {"userId":"59fe0b7c-d1e7-47bd-90f2-e3929a1efa36","fileId":"gulfwarvstnucmpersonalstatement"}

[2024-08-29T20:54:11.399Z] Attempt to access non-existent file
Details: {"userId":"59fe0b7c-d1e7-47bd-90f2-e3929a1efa36","fileId":"backpainbilradiculopothypersonalstatement"}

[2024-08-29T20:54:22.376Z] Attempt to access non-existent file
Details: {"userId":"59fe0b7c-d1e7-47bd-90f2-e3929a1efa36","fileId":"backpainbilradiculopothypersonalstatement"}

[2024-08-29T20:54:36.189Z] Attempt to access non-existent file
Details: {"userId":"59fe0b7c-d1e7-47bd-90f2-e3929a1efa36","fileId":"biplantarfasciituspersonaltemplate10percent"}

[2024-08-29T20:54:57.537Z] Attempt to access non-existent file
Details: {"userId":"59fe0b7c-d1e7-47bd-90f2-e3929a1efa36","fileId":"backpainbilradiculopothypersonalstatement"}

[2024-08-29T20:58:23.230Z] Attempt to access non-existent file
Details: {"userId":"59fe0b7c-d1e7-47bd-90f2-e3929a1efa36","fileId":"chronicfatiguesyndromepersonalstatement100percent"}

[2024-08-29T20:58:56.854Z] Attempt to access non-existent file
Details: {"userId":"59fe0b7c-d1e7-47bd-90f2-e3929a1efa36","fileId":"vertigomeneresdiseasepersonalstatement100percent"}

[2024-08-29T21:12:38.146Z] Attempt to access non-existent file
Details: {"userId":"59fe0b7c-d1e7-47bd-90f2-e3929a1efa36","fileId":"backpainbilradiculopothypersonalstatement"}

